RUNNER_CNT = 0
Completed FPGA configuration
Launching sw_conv_mul benchmark...
tggetattr: Inappropriate ioctl for device
reset: before MMIO access...
reset: MMIO accessed
axi_firewall_unblock: checking firewall status...
axi_firewall_unblock: firewall status: 00000000
main: before DDR accessing...
main: DDR accessed...
reset: before MMIO access...
reset: MMIO accessed
starting convolution
starting pooling
--- Performance counter begin ---
Cycles:              251935073
Mem access cycles:   238115426
  Instruction fetch: 209559366
  Data write:        109174
  Data read:         28447120
Instruction count:   5166280
  NOP:               0
  Jump & Branch:     1651495
---- Performance counter end ----
Passed!
benchmark finished
time 2569.03ms
reset: before MMIO access...
reset: MMIO accessed
./software/workload/ucas-cod/benchmark/simple_test/dnn_test/riscv32/elf/sw_conv_mul passed
Hit good trap
pass 1 / 1